<?xml version="1.0" encoding="UTF-8"?>
<!-- Generated by org.testng.reporters.JUnitReportReporter -->
<testsuite hostname="DESKTOP-H2NG9V0" failures="0" tests="1" name="TestCase.Verify_todo_Board" time="2.728" errors="0" timestamp="2021-06-26T15:59:43 EDT" skipped="0">
  <testcase classname="TestCase.Verify_todo_Board" name="postNewList" time="2.728"/>
  <system-out/>
</testsuite> <!-- TestCase.Verify_todo_Board -->
